[    0.000000] Initializing cgroup subsys cpuset
[    0.000000] Initializing cgroup subsys cpu
[    0.000000] Initializing cgroup subsys cpuacct
[    0.000000] Linux version 4.4.0-193-generic (buildd@lgw01-amd64-024) (gcc version 5.4.0 20160609 (Ubuntu 5.4.0-6ubuntu1~16.04.12) ) #224-Ubuntu SMP Tue Oct 6 17:15:28 UTC 2020 (Ubuntu 4.4.0-193.224-generic 4.4.236)
[    0.000000] Command line: BOOT_IMAGE=/boot/vmlinuz-4.4.0-193-generic root=LABEL=cloudimg-rootfs ro console=tty1 console=ttyS0
[    0.000000] KERNEL supported cpus:
[    0.000000]   Intel GenuineIntel
[    0.000000]   AMD AuthenticAMD
[    0.000000]   Centaur CentaurHauls
[    0.000000] x86/fpu: xstate_offset[2]:  576, xstate_sizes[2]:  256
[    0.000000] x86/fpu: Supporting XSAVE feature 0x01: 'x87 floating point registers'
[    0.000000] x86/fpu: Supporting XSAVE feature 0x02: 'SSE registers'
[    0.000000] x86/fpu: Supporting XSAVE feature 0x04: 'AVX registers'
[    0.000000] x86/fpu: Enabled xstate features 0x7, context size is 832 bytes, using 'standard' format.
[    0.000000] e820: BIOS-provided physical RAM map:
[    0.000000] BIOS-e820: [mem 0x0000000000000000-0x000000000009fbff] usable
[    0.000000] BIOS-e820: [mem 0x000000000009fc00-0x000000000009ffff] reserved
[    0.000000] BIOS-e820: [mem 0x00000000000f0000-0x00000000000fffff] reserved
[    0.000000] BIOS-e820: [mem 0x0000000000100000-0x00000000dffeffff] usable
[    0.000000] BIOS-e820: [mem 0x00000000dfff0000-0x00000000dfffffff] ACPI data
[    0.000000] BIOS-e820: [mem 0x00000000fec00000-0x00000000fec00fff] reserved
[    0.000000] BIOS-e820: [mem 0x00000000fee00000-0x00000000fee00fff] reserved
[    0.000000] BIOS-e820: [mem 0x00000000fffc0000-0x00000000ffffffff] reserved
[    0.000000] BIOS-e820: [mem 0x0000000100000000-0x000000011fffffff] usable
[    0.000000] NX (Execute Disable) protection: active
[    0.000000] SMBIOS 2.5 present.
[    0.000000] Hypervisor detected: KVM
[    0.000000] e820: last_pfn = 0x120000 max_arch_pfn = 0x400000000
[    0.000000] MTRR: Disabled
[    0.000000] x86/PAT: MTRRs disabled, skipping PAT initialization too.
[    0.000000] CPU MTRRs all blank - virtualized system.
[    0.000000] x86/PAT: Configuration [0-7]: WB  WT  UC- UC  WB  WT  UC- UC  
[    0.000000] e820: last_pfn = 0xdfff0 max_arch_pfn = 0x400000000
[    0.000000] found SMP MP-table at [mem 0x0009fff0-0x0009ffff] mapped at [ffff88000009fff0]
[    0.000000] Scanning 1 areas for low memory corruption
[    0.000000] RAMDISK: [mem 0x362de000-0x37166fff]
[    0.000000] ACPI: Early table checksum verification disabled
[    0.000000] ACPI: RSDP 0x00000000000E0000 000024 (v02 VBOX  )
[    0.000000] ACPI: XSDT 0x00000000DFFF0030 00003C (v01 VBOX   VBOXXSDT 00000001 ASL  00000061)
[    0.000000] ACPI: FACP 0x00000000DFFF00F0 0000F4 (v04 VBOX   VBOXFACP 00000001 ASL  00000061)
[    0.000000] ACPI: DSDT 0x00000000DFFF0470 002325 (v02 VBOX   VBOXBIOS 00000002 INTL 20190509)
[    0.000000] ACPI: FACS 0x00000000DFFF0200 000040
[    0.000000] ACPI: FACS 0x00000000DFFF0200 000040
[    0.000000] ACPI: APIC 0x00000000DFFF0240 00005C (v02 VBOX   VBOXAPIC 00000001 ASL  00000061)
[    0.000000] ACPI: SSDT 0x00000000DFFF02A0 0001CC (v01 VBOX   VBOXCPUT 00000002 INTL 20190509)
[    0.000000] No NUMA configuration found
[    0.000000] Faking a node at [mem 0x0000000000000000-0x000000011fffffff]
[    0.000000] NODE_DATA(0) allocated [mem 0x11fff7000-0x11fffbfff]
[    0.000000] kvm-clock: Using msrs 4b564d01 and 4b564d00
[    0.000000] kvm-clock: cpu 0, msr 1:1ffef001, primary cpu clock
[    0.000000] kvm-clock: using sched offset of 3024005848 cycles
[    0.000000] clocksource: kvm-clock: mask: 0xffffffffffffffff max_cycles: 0x1cd42e4dffb, max_idle_ns: 881590591483 ns
[    0.000000] Zone ranges:
[    0.000000]   DMA      [mem 0x0000000000001000-0x0000000000ffffff]
[    0.000000]   DMA32    [mem 0x0000000001000000-0x00000000ffffffff]
[    0.000000]   Normal   [mem 0x0000000100000000-0x000000011fffffff]
[    0.000000]   Device   empty
[    0.000000] Movable zone start for each node
[    0.000000] Early memory node ranges
[    0.000000]   node   0: [mem 0x0000000000001000-0x000000000009efff]
[    0.000000]   node   0: [mem 0x0000000000100000-0x00000000dffeffff]
[    0.000000]   node   0: [mem 0x0000000100000000-0x000000011fffffff]
[    0.000000] Initmem setup node 0 [mem 0x0000000000001000-0x000000011fffffff]
[    0.000000] ACPI: PM-Timer IO Port: 0x4008
[    0.000000] IOAPIC[0]: apic_id 2, version 32, address 0xfec00000, GSI 0-23
[    0.000000] ACPI: INT_SRC_OVR (bus 0 bus_irq 0 global_irq 2 dfl dfl)
[    0.000000] ACPI: INT_SRC_OVR (bus 0 bus_irq 9 global_irq 9 low level)
[    0.000000] Using ACPI (MADT) for SMP configuration information
[    0.000000] smpboot: Allowing 2 CPUs, 0 hotplug CPUs
[    0.000000] PM: Registered nosave memory: [mem 0x00000000-0x00000fff]
[    0.000000] PM: Registered nosave memory: [mem 0x0009f000-0x0009ffff]
[    0.000000] PM: Registered nosave memory: [mem 0x000a0000-0x000effff]
[    0.000000] PM: Registered nosave memory: [mem 0x000f0000-0x000fffff]
[    0.000000] PM: Registered nosave memory: [mem 0xdfff0000-0xdfffffff]
[    0.000000] PM: Registered nosave memory: [mem 0xe0000000-0xfebfffff]
[    0.000000] PM: Registered nosave memory: [mem 0xfec00000-0xfec00fff]
[    0.000000] PM: Registered nosave memory: [mem 0xfec01000-0xfedfffff]
[    0.000000] PM: Registered nosave memory: [mem 0xfee00000-0xfee00fff]
[    0.000000] PM: Registered nosave memory: [mem 0xfee01000-0xfffbffff]
[    0.000000] PM: Registered nosave memory: [mem 0xfffc0000-0xffffffff]
[    0.000000] e820: [mem 0xe0000000-0xfebfffff] available for PCI devices
[    0.000000] Booting paravirtualized kernel on KVM
[    0.000000] clocksource: refined-jiffies: mask: 0xffffffff max_cycles: 0xffffffff, max_idle_ns: 7645519600211568 ns
[    0.000000] setup_percpu: NR_CPUS:512 nr_cpumask_bits:512 nr_cpu_ids:2 nr_node_ids:1
[    0.000000] PERCPU: Embedded 33 pages/cpu @ffff88011fc00000 s95512 r8192 d31464 u1048576
[    0.000000] Built 1 zonelists in Node order, mobility grouping on.  Total pages: 1032056
[    0.000000] Policy zone: Normal
[    0.000000] Kernel command line: BOOT_IMAGE=/boot/vmlinuz-4.4.0-193-generic root=LABEL=cloudimg-rootfs ro console=tty1 console=ttyS0
[    0.000000] PID hash table entries: 4096 (order: 3, 32768 bytes)
[    0.000000] Memory: 4028172K/4193848K available (8640K kernel code, 1337K rwdata, 4040K rodata, 1492K init, 1296K bss, 165676K reserved, 0K cma-reserved)
[    0.000000] SLUB: HWalign=64, Order=0-3, MinObjects=0, CPUs=2, Nodes=1
[    0.000000] Kernel/User page tables isolation: enabled
[    0.000000] Hierarchical RCU implementation.
[    0.000000] 	Build-time adjustment of leaf fanout to 64.
[    0.000000] 	RCU restricting CPUs from NR_CPUS=512 to nr_cpu_ids=2.
[    0.000000] RCU: Adjusting geometry for rcu_fanout_leaf=64, nr_cpu_ids=2
[    0.000000] NR_IRQS:33024 nr_irqs:440 16
[    0.000000] Console: colour VGA+ 80x25
[    0.000000] console [tty1] enabled
[    0.000000] console [ttyS0] enabled
[    0.000000] tsc: Detected 2303.986 MHz processor
[    0.149404] Calibrating delay loop (skipped) preset value.. 4607.97 BogoMIPS (lpj=9215944)
[    0.151251] pid_max: default: 32768 minimum: 301
[    0.152081] ACPI: Core revision 20150930
[    0.153383] ACPI: 2 ACPI AML tables successfully acquired and loaded
[    0.154241] Security Framework initialized
[    0.154836] Yama: becoming mindful.
[    0.155360] AppArmor: AppArmor initialized
[    0.156696] Dentry cache hash table entries: 524288 (order: 10, 4194304 bytes)
[    0.159416] Inode-cache hash table entries: 262144 (order: 9, 2097152 bytes)
[    0.160473] Mount-cache hash table entries: 8192 (order: 4, 65536 bytes)
[    0.161287] Mountpoint-cache hash table entries: 8192 (order: 4, 65536 bytes)
[    0.162653] Initializing cgroup subsys io
[    0.163431] Initializing cgroup subsys memory
[    0.164689] Initializing cgroup subsys devices
[    0.165294] Initializing cgroup subsys freezer
[    0.165895] Initializing cgroup subsys net_cls
[    0.166496] Initializing cgroup subsys perf_event
[    0.167155] Initializing cgroup subsys net_prio
[    0.167939] Initializing cgroup subsys hugetlb
[    0.168690] Initializing cgroup subsys pids
[    0.181422] mce: CPU supports 0 MCE banks
[    0.182038] Last level iTLB entries: 4KB 64, 2MB 8, 4MB 8
[    0.182758] Last level dTLB entries: 4KB 64, 2MB 0, 4MB 0, 1GB 4
[    0.183505] Spectre V1 : Mitigation: usercopy/swapgs barriers and __user pointer sanitization
[    0.184909] Spectre V2 : Mitigation: Full generic retpoline
[    0.185719] Spectre V2 : Spectre v2 / SpectreRSB mitigation: Filling RSB on context switch
[    0.186890] Speculative Store Bypass: Vulnerable
[    0.187541] SRBDS: Unknown: Dependent on hypervisor status
[    0.188377] MDS: Mitigation: Clear CPU buffers
[    0.190990] Freeing SMP alternatives memory: 36K
[    0.196196] ftrace: allocating 32346 entries in 127 pages
[    0.244270] smpboot: APIC(0) Converting physical 0 to logical package 0
[    0.245188] smpboot: Max logical packages: 1
[    0.245941] x2apic enabled
[    0.246575] Switched APIC routing to physical x2apic.
[    0.248158] ..TIMER: vector=0x30 apic1=0 pin1=2 apic2=-1 pin2=-1
[    0.357067] smpboot: CPU0: Intel(R) Core(TM) i5-8300H CPU @ 2.30GHz (family: 0x6, model: 0x9e, stepping: 0xa)
[    0.358581] Performance Events: unsupported p6 CPU model 158 no PMU driver, software events only.
[    0.368590] KVM setup paravirtual spinlock
[    0.369952] x86: Booting SMP configuration:
[    0.370523] .... node  #0, CPUs:      #1
[    0.371387] kvm-clock: cpu 1, msr 1:1ffef041, secondary cpu clock
[    0.382789] mce: CPU supports 0 MCE banks
[    0.385186] x86: Booted up 1 node, 2 CPUs
[    0.385898] smpboot: Total of 2 processors activated (9215.94 BogoMIPS)
[    0.387100] devtmpfs: initialized
[    0.389157] evm: security.selinux
[    0.389647] evm: security.SMACK64
[    0.390131] evm: security.SMACK64EXEC
[    0.390651] evm: security.SMACK64TRANSMUTE
[    0.391208] evm: security.SMACK64MMAP
[    0.391767] evm: security.ima
[    0.392339] evm: security.capability
[    0.393013] clocksource: jiffies: mask: 0xffffffff max_cycles: 0xffffffff, max_idle_ns: 7645041785100000 ns
[    0.394242] futex hash table entries: 512 (order: 3, 32768 bytes)
[    0.395092] pinctrl core: initialized pinctrl subsystem
[    0.395830] RTC time: 20:15:12, date: 11/05/20
[    0.396891] NET: Registered protocol family 16
[    0.409254] cpuidle: using governor ladder
[    0.422973] cpuidle: using governor menu
[    0.423642] PCCT header not found.
[    0.424284] ACPI: bus type PCI registered
[    0.424897] acpiphp: ACPI Hot Plug PCI Controller Driver version: 0.5
[    0.425750] PCI: Using configuration type 1 for base access
[    0.438536] ACPI: Added _OSI(Module Device)
[    0.439178] ACPI: Added _OSI(Processor Device)
[    0.439785] ACPI: Added _OSI(3.0 _SCP Extensions)
[    0.440457] ACPI: Added _OSI(Processor Aggregator Device)
[    0.441644] ACPI: Executed 1 blocks of module-level executable AML code
[    0.443968] ACPI: Interpreter enabled
[    0.444542] ACPI: (supports S0 S5)
[    0.445044] ACPI: Using IOAPIC for interrupt routing
[    0.445803] PCI: Using host bridge windows from ACPI; if necessary, use "pci=nocrs" and report a bug
[    0.449458] ACPI: PCI Root Bridge [PCI0] (domain 0000 [bus 00-ff])
[    0.450271] acpi PNP0A03:00: _OSC: OS supports [ASPM ClockPM Segments MSI]
[    0.451527] acpi PNP0A03:00: _OSC: not requesting OS control; OS requires [ExtendedConfig ASPM ClockPM MSI]
[    0.452882] acpi PNP0A03:00: fail to add MMCONFIG information, can't access extended PCI configuration space under this bridge.
[    0.461098] PCI host bridge to bus 0000:00
[    0.461710] pci_bus 0000:00: root bus resource [io  0x0000-0x0cf7 window]
[    0.462512] pci_bus 0000:00: root bus resource [io  0x0d00-0xffff window]
[    0.463315] pci_bus 0000:00: root bus resource [mem 0x000a0000-0x000bffff window]
[    0.464401] pci_bus 0000:00: root bus resource [mem 0xe0000000-0xfdffffff window]
[    0.465448] pci_bus 0000:00: root bus resource [bus 00-ff]
[    0.467236] pci 0000:00:01.1: legacy IDE quirk: reg 0x10: [io  0x01f0-0x01f7]
[    0.468407] pci 0000:00:01.1: legacy IDE quirk: reg 0x14: [io  0x03f6]
[    0.469229] pci 0000:00:01.1: legacy IDE quirk: reg 0x18: [io  0x0170-0x0177]
[    0.470065] pci 0000:00:01.1: legacy IDE quirk: reg 0x1c: [io  0x0376]
[    0.502150] pci 0000:00:07.0: quirk: [io  0x4000-0x403f] claimed by PIIX4 ACPI
[    0.503292] pci 0000:00:07.0: quirk: [io  0x4100-0x410f] claimed by PIIX4 SMB
[    0.524206] ACPI: PCI Interrupt Link [LNKA] (IRQs 5 9 10 *11)
[    0.525584] ACPI: PCI Interrupt Link [LNKB] (IRQs 5 9 *10 11)
[    0.526760] ACPI: PCI Interrupt Link [LNKC] (IRQs 5 *9 10 11)
[    0.527943] ACPI: PCI Interrupt Link [LNKD] (IRQs 5 9 10 *11)
[    0.529092] ACPI: Enabled 2 GPEs in block 00 to 07
[    0.530071] vgaarb: setting as boot device: PCI:0000:00:02.0
[    0.530882] vgaarb: device added: PCI:0000:00:02.0,decodes=io+mem,owns=io+mem,locks=none
[    0.532014] vgaarb: loaded
[    0.532486] vgaarb: bridge control possible 0000:00:02.0
[    0.533363] SCSI subsystem initialized
[    0.534061] ACPI: bus type USB registered
[    0.534743] usbcore: registered new interface driver usbfs
[    0.535545] usbcore: registered new interface driver hub
[    0.536303] usbcore: registered new device driver usb
[    0.537126] PCI: Using ACPI for IRQ routing
[    0.537893] NetLabel: Initializing
[    0.538387] NetLabel:  domain hash size = 128
[    0.538965] NetLabel:  protocols = UNLABELED CIPSOv4
[    0.539614] NetLabel:  unlabeled traffic allowed by default
[    0.540436] amd_nb: Cannot enumerate AMD northbridges
[    0.541574] clocksource: Switched to clocksource kvm-clock
[    0.546778] AppArmor: AppArmor Filesystem Enabled
[    0.547571] pnp: PnP ACPI init
[    0.548603] pnp: PnP ACPI: found 3 devices
[    0.556949] clocksource: acpi_pm: mask: 0xffffff max_cycles: 0xffffff, max_idle_ns: 2085701024 ns
[    0.558207] NET: Registered protocol family 2
[    0.558964] TCP established hash table entries: 32768 (order: 6, 262144 bytes)
[    0.560039] TCP bind hash table entries: 32768 (order: 7, 524288 bytes)
[    0.561314] TCP: Hash tables configured (established 32768 bind 32768)
[    0.562133] UDP hash table entries: 2048 (order: 4, 65536 bytes)
[    0.562893] UDP-Lite hash table entries: 2048 (order: 4, 65536 bytes)
[    0.563723] NET: Registered protocol family 1
[    0.564480] pci 0000:00:00.0: Limiting direct PCI/PCI transfers
[    0.565248] pci 0000:00:01.0: Activating ISA DMA hang workarounds
[    0.566120] Unpacking initramfs...
[    0.729672] Freeing initrd memory: 14884K
[    0.730456] PCI-DMA: Using software bounce buffering for IO (SWIOTLB)
[    0.731318] software IO TLB: mapped [mem 0xdbff0000-0xdfff0000] (64MB)
[    0.732260] clocksource: tsc: mask: 0xffffffffffffffff max_cycles: 0x2135ea97b2a, max_idle_ns: 440795253597 ns
[    0.733535] platform rtc_cmos: registered platform RTC device (no PNP device found)
[    0.734739] Scanning for low memory corruption every 60 seconds
[    0.735914] audit: initializing netlink subsys (disabled)
[    0.736655] audit: type=2000 audit(1604607317.097:1): initialized
[    0.737577] Initialise system trusted keyring
[    0.738443] HugeTLB registered 2 MB page size, pre-allocated 0 pages
[    0.740168] zbud: loaded
[    0.740939] VFS: Disk quotas dquot_6.6.0
[    0.741562] VFS: Dquot-cache hash table entries: 512 (order 0, 4096 bytes)
[    0.742577] squashfs: version 4.0 (2009/01/31) Phillip Lougher
[    0.743552] fuse init (API version 7.23)
[    0.744262] Key type big_key registered
[    0.744809] Allocating IMA MOK and blacklist keyrings.
[    0.753670] Key type asymmetric registered
[    0.754282] Asymmetric key parser 'x509' registered
[    0.754947] Block layer SCSI generic (bsg) driver version 0.4 loaded (major 249)
[    0.756519] io scheduler noop registered
[    0.757068] io scheduler deadline registered (default)
[    0.757752] io scheduler cfq registered
[    0.758472] pci_hotplug: PCI Hot Plug PCI Core version: 0.5
[    0.759211] pciehp: PCI Express Hot Plug Controller Driver version: 0.4
[    0.760139] ACPI: AC Adapter [AC] (on-line)
[    0.760738] input: Power Button as /devices/LNXSYSTM:00/LNXPWRBN:00/input/input0
[    0.761766] ACPI: Power Button [PWRF]
[    0.762337] input: Sleep Button as /devices/LNXSYSTM:00/LNXSLPBN:00/input/input1
[    0.763340] ACPI: Sleep Button [SLPF]
[    0.764476] ACPI: Battery Slot [BAT0] (battery present)
[    0.765206] GHES: HEST is not enabled!
[    0.765826] Serial: 8250/16550 driver, 32 ports, IRQ sharing enabled
[    0.786944] 00:02: ttyS0 at I/O 0x3f8 (irq = 4, base_baud = 115200) is a 16550A
[    0.788756] Linux agpgart interface v0.103
[    0.790965] loop: module loaded
[    0.791881] scsi host0: ata_piix
[    0.792568] scsi host1: ata_piix
[    0.793111] ata1: PATA max UDMA/33 cmd 0x1f0 ctl 0x3f6 bmdma 0xd000 irq 14
[    0.793954] ata2: PATA max UDMA/33 cmd 0x170 ctl 0x376 bmdma 0xd008 irq 15
[    0.794824] libphy: Fixed MDIO Bus: probed
[    0.795406] tun: Universal TUN/TAP device driver, 1.6
[    0.796134] tun: (C) 1999-2004 Max Krasnyansky <maxk@qualcomm.com>
[    0.796920] PPP generic driver version 2.4.2
[    0.797612] ehci_hcd: USB 2.0 'Enhanced' Host Controller (EHCI) Driver
[    0.798517] ehci-pci: EHCI PCI platform driver
[    0.799113] ehci-platform: EHCI generic platform driver
[    0.799788] ohci_hcd: USB 1.1 'Open' Host Controller (OHCI) Driver
[    0.800571] ohci-pci: OHCI PCI platform driver
[    0.801291] ohci-platform: OHCI generic platform driver
[    0.802105] uhci_hcd: USB Universal Host Controller Interface driver
[    0.802964] i8042: PNP: PS/2 Controller [PNP0303:PS2K,PNP0f03:PS2M] at 0x60,0x64 irq 1,12
[    0.804535] serio: i8042 KBD port at 0x60,0x64 irq 1
[    0.805243] serio: i8042 AUX port at 0x60,0x64 irq 12
[    0.806028] mousedev: PS/2 mouse device common for all mice
[    0.807021] rtc_cmos rtc_cmos: rtc core: registered rtc_cmos as rtc0
[    0.807871] rtc_cmos rtc_cmos: alarms up to one day, 114 bytes nvram
[    0.808675] i2c /dev entries driver
[    0.809235] device-mapper: uevent: version 1.0.3
[    0.809900] input: AT Translated Set 2 keyboard as /devices/platform/i8042/serio0/input/input2
[    0.811085] device-mapper: ioctl: 4.34.0-ioctl (2015-10-28) initialised: dm-devel@redhat.com
[    0.812320] ledtrig-cpu: registered to indicate activity on CPUs
[    0.813456] NET: Registered protocol family 10
[    0.814387] NET: Registered protocol family 17
[    0.814993] Key type dns_resolver registered
[    0.816206] registered taskstats version 1
[    0.816818] Loading compiled-in X.509 certificates
[    0.817901] Loaded X.509 cert 'Build time autogenerated kernel key: 399ad61e9457a71f6b31060684c17f14836880c9'
[    0.819472] zswap: loaded using pool lzo/zbud
[    0.821550] Key type trusted registered
[    0.824557] Key type encrypted registered
[    0.825335] AppArmor: AppArmor sha1 policy hashing enabled
[    0.826144] ima: No TPM chip found, activating TPM-bypass!
[    0.826854] ima: Allocated hash algorithm: sha1
[    0.827469] evm: HMAC attrs: 0x1
[    0.828261]   Magic number: 12:248:295
[    0.828788] ata_device dev2.1: hash matches
[    0.829360]  dev2.1: hash matches
[    0.829871] tty tty28: hash matches
[    0.830474] rtc_cmos rtc_cmos: setting system clock to 2020-11-05 20:15:12 UTC (1604607312)
[    0.831804] BIOS EDD facility v0.16 2004-Jun-25, 0 devices found
[    0.832615] EDD information not available.
[    0.996778] Freeing unused kernel memory: 1492K
[    0.999232] Write protecting the kernel read-only data: 14336k
[    1.003568] Freeing unused kernel memory: 1588K
[    1.006359] Freeing unused kernel memory: 56K
Loading, please wait...
starting version 229
[    1.041901] random: systemd-udevd: uninitialized urandom read (16 bytes read, 3 bits of entropy available)
[    1.043100] random: udevadm: uninitialized urandom read (16 bytes read, 3 bits of entropy available)
[    1.043169] random: udevadm: uninitialized urandom read (16 bytes read, 3 bits of entropy available)
[    1.050046] random: systemd-udevd: uninitialized urandom read (16 bytes read, 3 bits of entropy available)
[    1.052157] random: systemd-udevd: uninitialized urandom read (16 bytes read, 3 bits of entropy available)
[    1.054257] random: systemd-udevd: uninitialized urandom read (16 bytes read, 3 bits of entropy available)
[    1.056639] random: udevadm: uninitialized urandom read (16 bytes read, 3 bits of entropy available)
[    1.056953] random: systemd-udevd: uninitialized urandom read (16 bytes read, 3 bits of entropy available)
[    1.056984] random: systemd-udevd: uninitialized urandom read (16 bytes read, 3 bits of entropy available)
[    1.057006] random: systemd-udevd: uninitialized urandom read (16 bytes read, 3 bits of entropy available)
[    1.105960] e1000: Intel(R) PRO/1000 Network Driver - version 7.3.21-k8-NAPI
[    1.107029] e1000: Copyright (c) 1999-2006 Intel Corporation.
[    1.109976] Fusion MPT base driver 3.04.20
[    1.110634] Copyright (c) 1999-2008 LSI Corporation
[    1.128291] Fusion MPT SPI Host driver 3.04.20
[    1.132655] AVX2 version of gcm_enc/dec engaged.
[    1.133374] AES CTR mode by8 optimization enabled
[    1.339302] input: ImExPS/2 Generic Explorer Mouse as /devices/platform/i8042/serio1/input/input4
[    1.739701] e1000 0000:00:03.0 eth0: (PCI:33MHz:32-bit) 02:87:69:55:97:2d
[    1.747262] e1000 0000:00:03.0 eth0: Intel(R) PRO/1000 Network Connection
[    2.988170] e1000 0000:00:08.0 eth1: (PCI:33MHz:32-bit) 08:00:27:47:3d:dd
[    2.989128] e1000 0000:00:08.0 eth1: Intel(R) PRO/1000 Network Connection
[    2.991293] e1000 0000:00:08.0 enp0s8: renamed from eth1
[    2.992137] mptbase: ioc0: Initiating bringup
[    3.001763] e1000 0000:00:03.0 enp0s3: renamed from eth0
[    3.738317] ioc0: LSI53C1030 A0: Capabilities={Initiator}
[    5.971701] scsi host2: ioc0: LSI53C1030 A0, FwRev=00000000h, Ports=1, MaxQ=256, IRQ=20
[    7.757247] scsi 2:0:0:0: Direct-Access     VBOX     HARDDISK         1.0  PQ: 0 ANSI: 5
[    7.761295] scsi target2:0:0: Beginning Domain Validation
[    7.766949] scsi target2:0:0: Domain Validation skipping write tests
[    7.769613] scsi target2:0:0: Ending Domain Validation
[    7.771951] scsi target2:0:0: asynchronous
[    7.774604] scsi 2:0:1:0: Direct-Access     VBOX     HARDDISK         1.0  PQ: 0 ANSI: 5
[    7.778348] scsi target2:0:1: Beginning Domain Validation
[    7.782331] scsi target2:0:1: Domain Validation skipping write tests
[    7.784751] scsi target2:0:1: Ending Domain Validation
[    7.786915] scsi target2:0:1: asynchronous
[    7.802168] sd 2:0:0:0: [sda] 20971520 512-byte logical blocks: (10.7 GB/10.0 GiB)
[    7.803886] sd 2:0:0:0: Attached scsi generic sg0 type 0
[    7.806093] sd 2:0:1:0: Attached scsi generic sg1 type 0
[    7.807146] sd 2:0:1:0: [sdb] 20480 512-byte logical blocks: (10.5 MB/10.0 MiB)
[    7.808660] sd 2:0:0:0: [sda] Write Protect is off
[    7.809770] sd 2:0:1:0: [sdb] Write Protect is off
[    7.810755] sd 2:0:0:0: [sda] Incomplete mode parameter data
[    7.811714] sd 2:0:0:0: [sda] Assuming drive cache: write through
[    7.812656] sd 2:0:1:0: [sdb] Incomplete mode parameter data
[    7.813549] sd 2:0:1:0: [sdb] Assuming drive cache: write through
[    7.815766]  sda: sda1
[    7.817342] sd 2:0:1:0: [sdb] Attached SCSI disk
[    7.818037] sd 2:0:0:0: [sda] Attached SCSI disk
Begin: Loading essential drivers ... [    9.076203] md: linear personality registered for level -1
[    9.078488] md: multipath personality registered for level -4
[    9.080806] md: raid0 personality registered for level 0
[    9.083973] md: raid1 personality registered for level 1
[    9.162154] raid6: sse2x1   gen() 13595 MB/s
[    9.230315] raid6: sse2x1   xor() 10569 MB/s
[    9.312212] raid6: sse2x2   gen() 16487 MB/s
[    9.380227] raid6: sse2x2   xor() 12488 MB/s
[    9.448283] raid6: sse2x4   gen() 20084 MB/s
[    9.513990] raid6: sse2x4   xor() 12715 MB/s
[    9.593566] raid6: avx2x1   gen() 25099 MB/s
[    9.662220] raid6: avx2x2   gen() 31610 MB/s
[    9.733610] raid6: avx2x4   gen() 36742 MB/s
[    9.734248] raid6: using algorithm avx2x4 gen() 36742 MB/s
[    9.734942] raid6: using avx2x2 recovery algorithm
[    9.737556] xor: automatically using best checksumming function:
[    9.777584]    avx       : 24030.000 MB/sec
[    9.779580] async_tx: api initialized (async)
[    9.787727] md: raid6 personality registered for level 6
[    9.788454] md: raid5 personality registered for level 5
[    9.789141] md: raid4 personality registered for level 4
[    9.794469] md: raid10 personality registered for level 10
done.
Begin: Running /scripts/init-premount ... done.
Begin: Mounting root file system ... Begin: Running /scripts/local-top ... done.
Begin: Running /scripts/local-premount ... [    9.817447] Btrfs loaded
Scanning for Btrfs filesystems
done.
Warning: fsck not present, so skipping root file system
[    9.834120] EXT4-fs (sda1): mounted filesystem with ordered data mode. Opts: (null)
done.
Begin: Running /scripts/local-bottom ... done.
Begin: Running /scripts/init-bottom ... done.
[    9.881377] systemd[1]: systemd 229 running in system mode. (+PAM +AUDIT +SELINUX +IMA +APPARMOR +SMACK +SYSVINIT +UTMP +LIBCRYPTSETUP +GCRYPT +GNUTLS +ACL +XZ -LZ4 +SECCOMP +BLKID +ELFUTILS +KMOD -IDN)
[    9.883613] systemd[1]: Detected virtualization oracle.
[    9.884318] systemd[1]: Detected architecture x86-64.

Welcome to [1mUbuntu 16.04.7 LTS[0m!

[    9.886206] systemd[1]: Set hostname to <ubuntu>.
[    9.888177] systemd[1]: Initializing machine ID from random generator.
[    9.888992] systemd[1]: Installed transient /etc/machine-id file.
[    9.988957] systemd[1]: Listening on Journal Socket (/dev/log).
[[0;32m  OK  [0m] Listening on Journal Socket (/dev/log).
[    9.998028] systemd[1]: Listening on Syslog Socket.
[[0;32m  OK  [0m] Listening on Syslog Socket.
[   10.001985] systemd[1]: Created slice System Slice.
[[0;32m  OK  [0m] Created slice System Slice.
[   10.005328] systemd[1]: Started Trigger resolvconf update for networkd DNS.
[[0;32m  OK  [0m] Started Trigger resolvconf update for networkd DNS.
[   10.008825] systemd[1]: Listening on Journal Socket.
[[0;32m  OK  [0m] Listening on Journal Socket.
[   10.021879] systemd[1]: Mounting Debug File System...
         Mounting Debug File System...
[   10.024837] systemd[1]: Mounting POSIX Message Queue File System...
         Mounting POSIX Message Queue File System...
[   10.028069] systemd[1]: Mounting Huge Pages File System...
         Mounting Huge Pages File System...
[   10.030165] systemd[1]: Listening on Journal Audit Socket.
[[0;32m  OK  [0m] Listening on Journal Audit Socket.
[   10.032160] systemd[1]: Listening on udev Kernel Socket.
[[0;32m  OK  [0m] Listening on udev Kernel Socket.
[   10.033907] systemd[1]: Reached target System Time Synchronized.
[[0;32m  OK  [0m] Reached target System Time Synchronized.
[   10.036041] systemd[1]: Started Forward Password Requests to Wall Directory Watch.
[[0;32m  OK  [0m] Started Forward Password Requests to Wall Directory Watch.
[   10.046508] systemd[1]: Starting Nameserver information manager...
         Starting Nameserver information manager...
[   10.048413] systemd[1]: Listening on LVM2 metadata daemon socket.
[[0;32m  OK  [0m] Listening on LVM2 metadata daemon socket.
[   10.050013] systemd[1]: Reached target Encrypted Volumes.
[[0;32m  OK  [0m] Reached target Encrypted Volumes.
[   10.058476] systemd[1]: Starting Create list of required static device nodes for the current kernel...
         Starting Create list of required st... nodes for the current kernel...
[   10.061397] systemd[1]: Created slice system-serial\x2dgetty.slice.
[[0;32m  OK  [0m] Created slice system-serial\x2dgetty.slice.
[   10.063484] systemd[1]: Set up automount Arbitrary Executable File Formats File System Automount Point.
[[0;32m  OK  [0m] Set up automount Arbitrary Executab...ats File System Automount Point.
[   10.074094] systemd[1]: Listening on /dev/initctl Compatibility Named Pipe.
[[0;32m  OK  [0m] Listening on /dev/initctl Compatibility Named Pipe.
[   10.090110] systemd[1]: Starting Uncomplicated firewall...
         Starting Uncomplicated firewall...
[   10.094034] systemd[1]: Reached target Swap.
[[0;32m  OK  [0m] Reached target Swap.
[   10.099917] systemd[1]: Starting Load Kernel Modules...
         Starting Load Kernel Modules...
[   10.103621] systemd[1]: Listening on udev Control Socket.
[[0;32m  OK  [0m] Listening on udev Control Socket.
[   10.108972] systemd[1]: Starting Set console keymap...
         Starting Set console keymap...
[   10.111838] systemd[1]: Listening on LVM2 poll daemon socket.
[   10.113813] Loading iSCSI transport class v2.0-870.
[[0;32m  OK  [0m] Listening on LVM2 poll daemon socket.
[   10.116192] systemd[1]: Created slice User and Session Slice.
[[0;32m  OK  [0m] Created slice User and Session Slice.
[   10.119719] systemd[1]: Starting Remount Root and Kernel File Systems...
         Starting Remount Root and Kernel File Systems...
[   10.123182] iscsi: registered transport (tcp)
[   10.124082] EXT4-fs (sda1): re-mounted. Opts: (null)
[   10.125046] systemd[1]: Listening on Device-mapper event daemon FIFOs.
[[0;32m  OK  [0m] Listening on Device-mapper event daemon FIFOs.
[   10.127216] systemd[1]: Reached target Slices.
[[0;32m  OK  [0m] Reached target Slices.
[   10.129216] systemd[1]: Starting Journal Service...
         Starting Journal Service...
[   10.130593] systemd[1]: Reached target User and Group Name Lookups.
[[0;32m  OK  [0m] Reached target User and Group Name Lookups.
[   10.146238] iscsi: registered transport (iser)
[   10.153712] systemd[1]: Starting Monitoring of LVM2 mirrors, snapshots etc. using dmeventd or progress polling...
         Starting Monitoring of LVM2 mirrors... dmeventd or progress polling...
[   10.158360] systemd[1]: Mounted Huge Pages File System.
[[0;32m  OK  [0m] Mounted Huge Pages File System.
[   10.159669] systemd[1]: Mounted Debug File System.
[[0;32m  OK  [0m] Mounted Debug File System.
[   10.160827] systemd[1]: Mounted POSIX Message Queue File System.
[[0;32m  OK  [0m] Mounted POSIX Message Queue File System.
[   10.163071] systemd[1]: Started Create list of required static device nodes for the current kernel.
[[0;32m  OK  [0m] Started Create list of required sta...ce nodes for the current kernel.
[   10.166384] systemd[1]: Started Uncomplicated firewall.
[[0;32m  OK  [0m] Started Uncomplicated firewall.
[   10.168735] systemd[1]: Started Load Kernel Modules.
[[0;32m  OK  [0m] Started Load Kernel Modules.
[   10.170512] systemd[1]: Started Set console keymap.
[[0;32m  OK  [0m] Started Set console keymap.
[   10.172016] systemd[1]: Started Remount Root and Kernel File Systems.
[[0;32m  OK  [0m] Started Remount Root and Kernel File Systems.
[   10.174456] systemd[1]: Started Nameserver information manager.
[[0;32m  OK  [0m] Started Nameserver information manager.
[   10.183234] systemd[1]: Started Journal Service.
[[0;32m  OK  [0m] Started Journal Service.
[[0;32m  OK  [0m] Started LVM2 metadata daemon.
         Starting Flush Journal to Persistent Storage...
         Starting Load/Save Random Seed...
         Starting udev Coldplug all Devices...
         Starting Apply Kernel Variables...
         Mounting FUSE Control File System...
         Starting Create Static Device Nodes in /dev...
[[0;32m  OK  [0m] Started Load/Save Random Seed.
[[0;32m  OK  [0m] Started Apply Kernel Variables.
[[0;32m  OK  [0m] Mounted FUSE Control File System.
[[0;32m  OK  [0m] Started Create Static Device Nodes in /dev.
         Starting udev Kernel Device Manager...
[[0;32m  OK  [0m] Started Flush Journal to Persistent Storage.
[[0;32m  OK  [0m] Started udev Kernel Device Manager.
[[0;32m  OK  [0m] Started udev Coldplug all Devices.
[[0;32m  OK  [0m] Started Dispatch Password Requests to Console Directory Watch.
[[0;32m  OK  [0m] Found device /dev/ttyS0.
[[0;32m  OK  [0m] Listening on Load/Save RF Kill Switch Status /dev/rfkill Watch.
[[0;32m  OK  [0m] Started Monitoring of LVM2 mirrors,...ng dmeventd or progress polling.
[[0;32m  OK  [0m] Reached target Local File Systems (Pre).
[[0;32m  OK  [0m] Reached target Local File Systems.
         Starting Create Volatile Files and Directories...
         Starting Tell Plymouth To Write Out Runtime Data...
         Starting Commit a transient machine-id on disk...
         Starting LSB: AppArmor initialization...
         Starting Initial cloud-init job (pre-networking)...
         Starting Set console font and keymap...
[[0;32m  OK  [0m] Started Create Volatile Files and Directories.
         Starting Update UTMP about System Boot/Shutdown...
[[0;32m  OK  [0m] Started Tell Plymouth To Write Out Runtime Data.
[[0;32m  OK  [0m] Started Update UTMP about System Boot/Shutdown.
[[0;32m  OK  [0m] Started Commit a transient machine-id on disk.
[[0;32m  OK  [0m] Started Set console font and keymap.
[[0;32m  OK  [0m] Created slice system-getty.slice.
[[0;32m  OK  [0m] Started LSB: AppArmor initialization.
         Starting Load AppArmor profiles managed internally by snapd...
[[0;32m  OK  [0m] Started Load AppArmor profiles managed internally by snapd.
[   11.322792] cloud-init[622]: Cloud-init v. 20.3-2-g371b392c-0ubuntu1~16.04.1 running 'init-local' at Thu, 05 Nov 2020 20:15:22 +0000. Up 11.06 seconds.
[[0;32m  OK  [0m] Started Initial cloud-init job (pre-networking).
[[0;32m  OK  [0m] Reached target Network (Pre).
         Starting Raise network interfaces...
[[0;32m  OK  [0m] Started Raise network interfaces.
[[0;32m  OK  [0m] Reached target Network.
         Starting Initial cloud-init job (metadata service crawler)...
[   12.257801] cloud-init[963]: Cloud-init v. 20.3-2-g371b392c-0ubuntu1~16.04.1 running 'init' at Thu, 05 Nov 2020 20:15:23 +0000. Up 11.72 seconds.
[   12.259149] cloud-init[963]: ci-info: ++++++++++++++++++++++++++++++++++++++Net device info+++++++++++++++++++++++++++++++++++++++
[   12.260240] cloud-init[963]: ci-info: +--------+-------+----------------------------+---------------+--------+-------------------+
[   12.261336] cloud-init[963]: ci-info: | Device |   Up  |          Address           |      Mask     | Scope  |     Hw-Address    |
[   12.262458] cloud-init[963]: ci-info: +--------+-------+----------------------------+---------------+--------+-------------------+
[   12.263778] cloud-init[963]: ci-info: | enp0s3 |  True |         10.0.2.15          | 255.255.255.0 | global | 02:87:69:55:97:2d |
[   12.264975] cloud-init[963]: ci-info: | enp0s3 |  True | fe80::87:69ff:fe55:972d/64 |       .       |  link  | 02:87:69:55:97:2d |
[   12.266313] cloud-init[963]: ci-info: | enp0s8 | False |             .              |       .       |   .    | 08:00:27:47:3d:dd |
[   12.267712] cloud-init[963]: ci-info: |   lo   |  True |         127.0.0.1          |   255.0.0.0   |  host  |         .         |
[   12.269141] cloud-init[963]: ci-info: |   lo   |  True |          ::1/128           |       .       |  host  |         .         |
[   12.270620] cloud-init[963]: ci-info: +--------+-------+----------------------------+---------------+--------+-------------------+
[   12.272089] cloud-init[963]: ci-info: +++++++++++++++++++++++++++Route IPv4 info++++++++++++++++++++++++++++
[   12.273339] cloud-init[963]: ci-info: +-------+-------------+----------+---------------+-----------+-------+
[   12.274586] cloud-init[963]: ci-info: | Route | Destination | Gateway  |    Genmask    | Interface | Flags |
[   12.275849] cloud-init[963]: ci-info: +-------+-------------+----------+---------------+-----------+-------+
[   12.277096] cloud-init[963]: ci-info: |   0   |   0.0.0.0   | 10.0.2.2 |    0.0.0.0    |   enp0s3  |   UG  |
[   12.278443] cloud-init[963]: ci-info: |   1   |   10.0.2.0  | 0.0.0.0  | 255.255.255.0 |   enp0s3  |   U   |
[   12.279685] cloud-init[963]: ci-info: +-------+-------------+----------+---------------+-----------+-------+
[   12.280874] cloud-init[963]: ci-info: +++++++++++++++++++Route IPv6 info+++++++++++++++++++
[   12.281805] cloud-init[963]: ci-info: +-------+-------------+---------+-----------+-------+
[   12.282750] cloud-init[963]: ci-info: | Route | Destination | Gateway | Interface | Flags |
[   12.283705] cloud-init[963]: ci-info: +-------+-------------+---------+-----------+-------+
[   12.284726] cloud-init[963]: ci-info: |   0   |  fe80::/64  |    ::   |   enp0s3  |   U   |
[   12.285594] cloud-init[963]: ci-info: |   3   |   ff00::/8  |    ::   |   enp0s3  |   U   |
[   12.286571] cloud-init[963]: ci-info: +-------+-------------+---------+-----------+-------+
[   12.287583] cloud-init[963]: Generating public/private rsa key pair.
[   12.288393] cloud-init[963]: Your identification has been saved in /etc/ssh/ssh_host_rsa_key.
[   12.289476] cloud-init[963]: Your public key has been saved in /etc/ssh/ssh_host_rsa_key.pub.
[   12.290555] cloud-init[963]: The key fingerprint is:
[   12.291288] cloud-init[963]: SHA256:vlXohrI5efQUfjKRCiTBMNLjq7WeruxC6vnjzxRtMRA root@ubuntu-xenial
[   12.292401] cloud-init[963]: The key's randomart image is:
[   12.293148] cloud-init[963]: +---[RSA 2048]----+
[   12.293919] cloud-init[963]: |..oo.E.          |
[   12.294614] cloud-init[963]: | .o.o o          |
[   12.295337] cloud-init[963]: | . . o o   .     |
[   12.296043] cloud-init[963]: |  .   o o +.     |
[   12.296961] cloud-init[963]: |   . . +So.o.    |
[   12.297712] cloud-init[963]: | .o   o.oo=..    |
[   12.298480] cloud-init[963]: |oo . ..ooo++     |
[   12.299272] cloud-init[963]: |= ooo o+.+.      |
[   12.300114] cloud-init[963]: |=O*ooooo.        |
[   12.300940] cloud-init[963]: +----[SHA256]-----+
[   12.301685] cloud-init[963]: Generating public/private dsa key pair.
[   12.302655] cloud-init[963]: Your identification has been saved in /etc/ssh/ssh_host_dsa_key.
[   12.303747] cloud-init[963]: Your public key has been saved in /etc/ssh/ssh_host_dsa_key.pub.
[   12.304960] cloud-init[963]: The key fingerprint is:
[   12.305722] cloud-init[963]: SHA256:KyrduDJizGp6JBkS/0AYziycuzNywqnZ1pyIrnjEcqw root@ubuntu-xenial
[   12.306869] cloud-init[963]: The key's randomart image is:
[   12.307731] cloud-init[963]: +---[DSA 1024]----+
[   12.308514] cloud-init[963]: |.o               |
[   12.309258] cloud-init[963]: |B o              |
[   12.309948] cloud-init[963]: |.X               |
[   12.310655] cloud-init[963]: |+ +              |
[   12.311384] cloud-init[963]: |.* o    S        |
[   12.312055] cloud-init[963]: |= O .    .       |
[   12.312752] cloud-init[963]: |=#.= +. .        |
[   12.313416] cloud-init[963]: |EX@ *...         |
[   12.314145] cloud-init[963]: |#*.+o.           |
[   12.314861] cloud-init[963]: +----[SHA256]-----+
[   12.315641] cloud-init[963]: Generating public/private ecdsa key pair.
[   12.316695] cloud-init[963]: Your identification has been saved in /etc/ssh/ssh_host_ecdsa_key.
[   12.317911] cloud-init[963]: Your public key has been saved in /etc/ssh/ssh_host_ecdsa_key.pub.
[   12.319067] cloud-init[963]: The key fingerprint is:
[   12.320139] cloud-init[963]: SHA256:bbcePvM1EQLD+J30bgo6ipsbFnX4zHI8KXWKXID6zJs root@ubuntu-xenial
[   12.321414] cloud-init[963]: The key's randomart image is:
[   12.322378] cloud-init[963]: +---[ECDSA 256]---+
[   12.323262] cloud-init[963]: |      ..  oo     |
[   12.323956] cloud-init[963]: |     .  o. .o.   |
[   12.324668] cloud-init[963]: |    .  o +..o.o. |
[   12.325338] cloud-init[963]: |   .  o X.+. o...|
[   12.326003] cloud-init[963]: |    +. =SXo . .. |
[   12.326668] cloud-init[963]: |     +. +..o . o.|
[   12.327349] cloud-init[963]: |     oo   . + o..|
[   12.328017] cloud-init[963]: |    .E+  o ooo ..|
[   12.328723] cloud-init[963]: |     =o.. . o+.  |
[   12.329411] cloud-init[963]: +----[SHA256]-----+
[   12.330103] cloud-init[963]: Generating public/private ed25519 key pair.
[   12.331012] cloud-init[963]: Your identification has been saved in /etc/ssh/ssh_host_ed25519_key.
[   12.332054] cloud-init[963]: Your public key has been saved in /etc/ssh/ssh_host_ed25519_key.pub.
[   12.333125] cloud-init[963]: The key fingerprint is:
[   12.333856] cloud-init[963]: SHA256:20JoI6WiGp1jEe04QzX9VoGEg9fnPjsTfU0oblBvdu4 root@ubuntu-xenial
[   12.334941] cloud-init[963]: The key's randomart image is:
[   12.335645] cloud-init[963]: +--[ED25519 256]--+
[   12.336529] cloud-init[963]: |    oo +....     |
[   12.337347] cloud-init[963]: |   o..= o o .    |
[   12.338054] cloud-init[963]: |  o ...o + . . . |
[   12.338726] cloud-init[963]: | . + o .o o . = o|
[   12.339448] cloud-init[963]: |  * + +.S. + + = |
[   12.340050] cloud-init[963]: | o * o o o+ + . o|
[   12.340741] cloud-init[963]: |o =     o .= . . |
[   12.341394] cloud-init[963]: |.o .     .+     E|
[   12.342043] cloud-init[963]: |.          o     |
[   12.342774] cloud-init[963]: +----[SHA256]-----+
[[0;32m  OK  [0m] Started Initial cloud-init job (metadata service crawler).
[[0;32m  OK  [0m] Reached target Network is Online.
         Starting iSCSI initiator daemon (iscsid)...
[[0;32m  OK  [0m] Reached target System Initialization.
[[0;32m  OK  [0m] Started ACPI Events Check.
[[0;32m  OK  [0m] Reached target Paths.
[[0;32m  OK  [0m] Started Message of the Day.
         Starting LXD - unix socket.
[[0;32m  OK  [0m] Listening on ACPID Listen Socket.
[[0;32m  OK  [0m] Started Daily apt download activities.
[[0;32m  OK  [0m] Listening on D-Bus System Message Bus Socket.
[[0;32m  OK  [0m] Started Daily apt upgrade and clean activities.
[[0;32m  OK  [0m] Listening on UUID daemon activation socket.
[[0;32m  OK  [0m] Started Daily Cleanup of Temporary Directories.
[[0;32m  OK  [0m] Reached target Timers.
         Starting Socket activation for snappy daemon.
[[0;32m  OK  [0m] Reached target Cloud-config availability.
[[0;32m  OK  [0m] Listening on LXD - unix socket.
[[0;32m  OK  [0m] Listening on Socket activation for snappy daemon.
[[0;32m  OK  [0m] Reached target Sockets.
[[0;32m  OK  [0m] Reached target Basic System.
         Starting Accounts Service...
         Starting LSB: MD monitoring daemon...
         Starting LXD - container startup/shutdown...
         Starting Login Service...
         Starting LSB: Record successful boot for GRUB...
[[0;32m  OK  [0m] Started FUSE filesystem for LXC.
[[0;32m  OK  [0m] Started D-Bus System Message Bus.
[[0;32m  OK  [0m] Started ACPI event daemon.
[[0;32m  OK  [0m] Started Deferred execution scheduler.
         Starting /etc/rc.local Compatibility...
         Starting Virtualbox guest utils...
         Starting Pollinate to seed the pseudo random number generator...
         Starting Snap Daemon...
         Starting System Logging Service...
[[0;32m  OK  [0m] Started Regular background program processing daemon.
[[0;32m  OK  [0m] Started iSCSI initiator daemon (iscsid).
[[0;32m  OK  [0m] Started /etc/rc.local Compatibility.
         Starting Login to default iSCSI targets...
[[0;32m  OK  [0m] Started System Logging Service.
[[0;32m  OK  [0m] Started Login to default iSCSI targets.
[[0;32m  OK  [0m] Reached target Remote File Systems (Pre).
[[0;32m  OK  [0m] Reached target Remote File Systems.
         Starting LSB: Set the CPU Frequency Scaling governor to "ondemand"...
         Starting LSB: automatic crash report generation...
         Starting LSB: daemon to balance interrupts for SMP systems...
         Starting Permit User Sessions...
[[0;32m  OK  [0m] Started Permit User Sessions.
         Starting Terminate Plymouth Boot Screen...
         Starting Hold until boot process finishes up...
[[0;32m  OK  [0m] Started Terminate Plymouth Boot Screen.
[[0;32m  OK  [0m] Started LSB: MD monitoring daemon.
[[0;32m  OK  [0m] Started LXD - container startup/shutdown.
[[0;32m  OK  [0m] Started LSB: Set the CPU Frequency Scaling governor to "ondemand".
[[0;32m  OK  [0m] Started LSB: Record successful boot for GRUB.
[[0;32m  OK  [0m] Started LSB: daemon to balance interrupts for SMP systems.
[[0;32m  OK  [0m] Started Hold until boot process finishes up.
[[0;32m  OK  [0m] Started Login Service.
[[0;32m  OK  [0m] Started Unattended Upgrades Shutdown.
         Starting Authenticate and Authorize Users to Run Privileged Tasks...
[[0;32m  OK  [0m] Started Getty on tty1.
         Starting Set console scheme...
[[0;32m  OK  [0m] Started Serial Getty on ttyS0.
[[0;32m  OK  [0m] Reached target Login Prompts.
[[0;32m  OK  [0m] Started LSB: automatic crash report generation.
[[0;32m  OK  [0m] Started Set console scheme.
[[0;32m  OK  [0m] Started Authenticate and Authorize Users to Run Privileged Tasks.
[[0;32m  OK  [0m] Started Accounts Service.
[[0;32m  OK  [0m] Started Virtualbox guest utils.
[[0;32m  OK  [0m] Started Snap Daemon.
         Starting Wait until snapd is fully seeded...
[[0;32m  OK  [0m] Started Pollinate to seed the pseudo random number generator.
         Starting OpenBSD Secure Shell server...
[[0;32m  OK  [0m] Started OpenBSD Secure Shell server.
[[0;32m  OK  [0m] Created slice User Slice of vagrant.
         Starting User Manager for UID 1000...
[[0;32m  OK  [0m] Started Session 1 of user vagrant.
[[0;32m  OK  [0m] Started User Manager for UID 1000.
[[0;32m  OK  [0m] Started Wait until snapd is fully seeded.
         Starting Apply the settings specified in cloud-config...
[[0;32m  OK  [0m] Reached target Multi-User System.
[[0;32m  OK  [0m] Reached target Graphical Interface.
         Starting Update UTMP about System Runlevel Changes...
[[0;32m  OK  [0m] Started Update UTMP about System Runlevel Changes.
[   14.449297] cloud-init[1449]: Generating locales (this might take a while)...
         Stopping User Manager for UID 1000...
[[0;32m  OK  [0m] Stopped User Manager for UID 1000.
[[0;32m  OK  [0m] Removed slice User Slice of vagrant.
[[0;32m  OK  [0m] Created slice User Slice of vagrant.
         Starting User Manager for UID 1000...
[[0;32m  OK  [0m] Started Session 2 of user vagrant.
[[0;32m  OK  [0m] Started User Manager for UID 1000.
[   14.970243] cloud-init[1449]:   en_US.UTF-8... done
[   14.971176] cloud-init[1449]: Generation complete.
[   15.137849] cloud-init[1449]: Cloud-init v. 20.3-2-g371b392c-0ubuntu1~16.04.1 running 'modules:config' at Thu, 05 Nov 2020 20:15:26 +0000. Up 14.38 seconds.
[[0;32m  OK  [0m] Started Apply the settings specified in cloud-config.
         Starting Execute cloud user/final scripts...
ci-info: no authorized SSH keys fingerprints found for user ubuntu.
<14>Nov  5 20:15:27 ec2: 
<14>Nov  5 20:15:27 ec2: #############################################################
<14>Nov  5 20:15:27 ec2: -----BEGIN SSH HOST KEY FINGERPRINTS-----
<14>Nov  5 20:15:27 ec2: 1024 SHA256:KyrduDJizGp6JBkS/0AYziycuzNywqnZ1pyIrnjEcqw root@ubuntu-xenial (DSA)
<14>Nov  5 20:15:27 ec2: 256 SHA256:bbcePvM1EQLD+J30bgo6ipsbFnX4zHI8KXWKXID6zJs root@ubuntu-xenial (ECDSA)
<14>Nov  5 20:15:27 ec2: 256 SHA256:20JoI6WiGp1jEe04QzX9VoGEg9fnPjsTfU0oblBvdu4 root@ubuntu-xenial (ED25519)
<14>Nov  5 20:15:27 ec2: 2048 SHA256:vlXohrI5efQUfjKRCiTBMNLjq7WeruxC6vnjzxRtMRA root@ubuntu-xenial (RSA)
<14>Nov  5 20:15:27 ec2: -----END SSH HOST KEY FINGERPRINTS-----
<14>Nov  5 20:15:27 ec2: #############################################################
-----BEGIN SSH HOST KEY KEYS-----
ecdsa-sha2-nistp256 AAAAE2VjZHNhLXNoYTItbmlzdHAyNTYAAAAIbmlzdHAyNTYAAABBBOd0fkF7uD56mPBpcDYqtT8Pz9kXmknbpaZu4j9303rTxKHVoEh6dWLB13QKrafG5igXX64piiIqIrnS1EgCD9M= root@ubuntu-xenial
ssh-ed25519 AAAAC3NzaC1lZDI1NTE5AAAAIL/k50TQt1u6dNoArvA/z3QnWr7oR7+Xilu08Pr+OChK root@ubuntu-xenial
ssh-rsa AAAAB3NzaC1yc2EAAAADAQABAAABAQDBK+1Ei52fYtVHIc55ciKBLkY1yt2ELDMMGhIT5gdbcPB9lefJtR7HdBO8XszcOMVSetKvUExaXPphxOSvEpQpjMht9tCJ5IKXR0TrMebcQ1UbHn8tAAAeFe3p972+5tXESWl+0O5+niqCOj73KlRnwznd8EtJo+icmZv6ZE8ERbRKDDTAoZ6S1RjldS3rjZb6pnM5mn2vEclJbtwz1a8GH3nLIgg86GQJyx/Q3lHSfDsrfcPz7IBilNeMs/b/fDkWO+9U1D6e/RHqdRxFlQIhJEmL5jUTZ/mAxwEtTcrJA89wOdNO4+b9G/kk5tJKM/6EIRKGIgVB8qC5G48RvQwX root@ubuntu-xenial
-----END SSH HOST KEY KEYS-----
[   15.440757] cloud-init[1608]: Cloud-init v. 20.3-2-g371b392c-0ubuntu1~16.04.1 running 'modules:final' at Thu, 05 Nov 2020 20:15:27 +0000. Up 15.35 seconds.
[   15.442002] cloud-init[1608]: ci-info: no authorized SSH keys fingerprints found for user ubuntu.
[   15.442896] cloud-init[1608]: Cloud-init v. 20.3-2-g371b392c-0ubuntu1~16.04.1 finished at Thu, 05 Nov 2020 20:15:27 +0000. Datasource DataSourceNoCloud [seed=/dev/sdb][dsmode=net].  Up 15.43 seconds
[[0;32m  OK  [0m] Started Execute cloud user/final scripts.
[[0;32m  OK  [0m] Reached target Cloud-init target.

Ubuntu 16.04.7 LTS prod-vm-simpleHelloWorldWebApp ttyS0

prod-vm-simpleHelloWorldWebApp login:          Stopping Authenticate and Authorize Users to Run Privileged Tasks...
[[0;32m  OK  [0m] Stopped target Timers.
[[0;32m  OK  [0m] Stopped Daily Cleanup of Temporary Directories.
[[0;32m  OK  [0m] Stopped Daily apt upgrade and clean activities.
[[0;32m  OK  [0m] Stopped Daily apt download activities.
[[0;32m  OK  [0m] Stopped target Cloud-init target.
[[0;32m  OK  [0m] Stopped Execute cloud user/final scripts.
         Stopping ACPI event daemon...
[[0;32m  OK  [0m] Stopped Apply the settings specified in cloud-config.
[[0;32m  OK  [0m] Stopped target Cloud-config availability.
[[0;32m  OK  [0m] Stopped Message of the Day.
[[0;32m  OK  [0m] Stopped target System Time Synchronized.
         Stopping Session 5 of user vagrant.
[[0;32m  OK  [0m] Closed Load/Save RF Kill Switch Status /dev/rfkill Watch.
         Stopping User Manager for UID 1000...
[[0;32m  OK  [0m] Stopped target Graphical Interface.
[[0;32m  OK  [0m] Stopped target Multi-User System.
         Stopping OpenBSD Secure Shell server...
         Stopping Regular background program processing daemon...
         Stopping LSB: Record successful boot for GRUB...
[[0;32m  OK  [0m] Stopped target Login Prompts.
         Stopping Serial Getty on ttyS0...
         Stopping Getty on tty1...
[[0;32m  OK  [0m] Stopped Wait until snapd is fully seeded.
         Stopping LSB: MD monito         Stopping Deferred execution scheduler...
         Stopping Apache Tomcat Web Application Container...
         Stopping MySQL Community Server...
         Stopping LSB: daemon to balance interrupts for SMP systems...
         Stopping FUSE filesystem for LXC...
         Stopping D-Bus System Message Bus...
         Stopping GitLab Runner...
         Stopping LSB: automatic crash report generation...
         Stopping LXD - container startup/shutdown...
         Stopping Virtualbox guest utils...
         Stopping System Logging Service...
         Stopping LSB: Set the CPU Frequency Scaling governor to "ondemand"...
         Stopping Accounts Service...
[[0;32m  OK  [0m] Unmounted /var/lib/lxcfs.
[[0;32m  OK  [0m] Stopped Accounts Service.
[[0;32m  OK  [0m] Stopped Deferred execution scheduler.
[[0;32m  OK  [0m] Stopped System Logging Service.
[[0;32m  OK  [0m] Stopped Regular background program processing daemon.
[[0;32m  OK  [0m] Stopped Authenticate and Authorize Users to Run Privileged Tasks.
[[0;32m  OK  [0m] Stopped Getty on tty1.
[[0;32m  OK  [0m] Stopped Serial Getty on ttyS0.
[[0;32m  OK  [0m] Stopped OpenBSD Secure Shell server.
[[0;32m  OK  [0m] Stopped GitLab Runner.
[[0;32m  OK  [0m] Stopped ACPI event daemon.
[[0;32m  OK  [0m] Stopped User Manager for UID 1000.
[[0;32m  OK  [0m] Stopped Session 5 of user vagrant.
[[0;32m  OK  [0m] Stopped LSB: MD monitoring daemon.
[[0;32m  OK  [0m] Stopped LSB: Set the CPU Frequency Scaling governor to "ondemand".
[[0;32m  OK  [0m] Stopped LSB: Record successful boot for GRUB.
[[0;32m  OK  [0m] Stopped LSB: daemon to balance interrupts for SMP systems.
[[0;32m  OK  [0m] Removed slice User Slice of vagrant.
         Stopping Login Service...
[[0;32m  OK  [0m] Removed slice system-serial\x2dgetty.slice.
[[0;32m  OK  [0m] Removed slice system-getty.slice.
[[0;32m  OK  [0m] Stopped /etc/rc.local Compatibility.
         Stopping Permit User Sessions...
[[0;32m  OK  [0m] Stopped Virtualbox guest utils.
[[0;32m  OK  [0m] Stopped Permit User Sessions.
[[0;32m  OK  [0m] Stopped D-Bus System Message Bus.
[[0;32m  OK  [0m] Stopped LSB: automatic crash report generation.
[[0;32m  OK  [0m] Stopped FUSE filesystem for LXC.
[[0;32m  OK  [0m] Stopped target Remote File Systems.
[[0;32m  OK  [0m] Stopped target Remote File Systems (Pre).
         Stopping Login to default iSCSI targets...
[[0;32m  OK  [0m] Stopped Login Service.
[[0;32m  OK  [0m] Stopped target User and Group Name Lookups.
[[0;32m  OK  [0m] Stopped LXD - container startup/shutdown.
[[0;32m  OK  [0m] Stopped Login to default iSCSI targets.
         Stopping iSCSI initiator daemon (iscsid)...
[[0;32m  OK  [0m] Stopped iSCSI initiator daemon (iscsid).
[[0;32m  OK  [0m] Stopped target Network is Online.
[[0;32m  OK  [0m] Stopped Apache Tomcat Web Application Container.
[[0;32m  OK  [0m] Stopped MySQL Community Server.
[[0;32m  OK  [0m] Stopped target Network.
[[0;32m  OK  [0m] Stopped target Basic System.
[[0;32m  OK  [0m] Stopped target Paths.
[[0;32m  OK  [0m] Stopped Forward Password Requests to Wall Directory Watch.
[[0;32m  OK  [0m] Stopped ACPI Events Check.
[[0;32m  OK  [0m] Stopped Dispatch Password Requests to Console Directory Watch.
[[0;32m  OK  [0m] Stopped target Sockets.
[[0;32m  OK  [0m] Closed Socket activation for snappy daemon.
[[0;32m  OK  [0m] Closed LXD - unix socket.
[[0;32m  OK  [0m] Closed ACPID Listen Socket.
[[0;32m  OK  [0m] Closed D-Bus System Message Bus Socket.
[[0;32m  OK  [0m] Closed Syslog Socket.
[[0;32m  OK  [0m] Closed UUID daemon activation socket.
[[0;32m  OK  [0m] Stopped target System Initialization.
         Stopping Update UTMP about System Boot/Shutdown...
[[0;32m  OK  [0m] Stopped target Encrypted Volumes.
         Stopping Load/Save Random Seed...
[[0;32m  OK  [0m] Stopped Initial cloud-init job (metadata service crawler).
         Stopping Raise network interfaces...
[[0;32m  OK  [0m] Stopped target Swap.
[[0;32m  OK  [0m] Stopped Commit a transient machine-id on disk.
[[0;32m  OK  [0m] Stopped target Slices.
[[0;32m  OK  [0m] Removed slice User and Session Slice.
[[0;32m  OK  [0m] Stopped Load/Save Random Seed.
[[0;32m  OK  [0m] Stopped Update UTMP about System Boot/Shutdown.
[[0;32m  OK  [0m] Stopped Create Volatile Files and Directories.
[[0;32m  OK  [0m] Stopped Raise network interfaces.
[[0;32m  OK  [0m] Stopped Apply Kernel Variables.
[[0;32m  OK  [0m] Stopped Load Kernel Modules.
[[0;32m  OK  [0m] Stopped target Local File Systems.
         Unmounting /run/user/1000...
         Unmounting /vagrant...
         Unmounting /vagrant_scripts...
[[0;32m  OK  [0m] Stopped target Network (Pre).
[[0;32m  OK  [0m] Stopped Initial cloud-init job (pre-networking).
[[0;32m  OK  [0m] Unmounted /run/user/1000.
[[0;32m  OK  [0m] Unmounted /vagrant.
[[0;32m  OK  [0m] Unmounted /vagrant_scripts.
[[0;32m  OK  [0m] Reached target Unmount All Filesystems.
[[0;32m  OK  [0m] Stopped target Local File Systems (Pre).
[[0;32m  OK  [0m] Stopped Create Static Device Nodes in /dev.
[[0;32m  OK  [0m] Stopped Remount Root and Kernel File Systems.
[[0;32m  OK  [0m] Reached target Shutdown.
[ 1760.621463] reboot: Power down
